<?xml version="1.0" encoding="UTF-8"?>
<!-- Generated by org.testng.reporters.JUnitXMLReporter -->
<testsuite ignored="0" hostname="HP-ProBook-450" failures="4" tests="4" name="Test" time="9.458" errors="0" timestamp="2020-10-04T14:25:57 SAST">
  <testcase classname="Soap.testRunner" name="SoapTest" time="7.722">
    <failure type="java.lang.AssertionError" message="expected: com.eviware.soapui.model.iface.Submit$Status&amp;lt;FINISHED&amp;gt; but was: com.eviware.soapui.model.testsuite.TestRunner$Status&amp;lt;FINISHED&amp;gt;">
      <![CDATA[java.lang.AssertionError: expected: com.eviware.soapui.model.iface.Submit$Status<FINISHED> but was: com.eviware.soapui.model.testsuite.TestRunner$Status<FINISHED>
at org.junit.Assert.fail(Assert.java:88)
at org.junit.Assert.failNotEquals(Assert.java:834)
at org.junit.Assert.assertEquals(Assert.java:118)
at org.junit.Assert.assertEquals(Assert.java:144)
at Soap.testRunner.SoapTest(testRunner.java:42)
at java.base/java.util.ArrayList.forEach(ArrayList.java:1511)
... Removed 27 stack frames]]>
    </failure>
  </testcase> <!-- SoapTest -->
  <testcase classname="Soap.testRunner2" name="singleTest" time="0.403">
    <failure type="java.lang.AssertionError" message="expected: com.eviware.soapui.model.iface.Submit$Status&amp;lt;FINISHED&amp;gt; but was: com.eviware.soapui.model.testsuite.TestRunner$Status&amp;lt;FINISHED&amp;gt;">
      <![CDATA[java.lang.AssertionError: expected: com.eviware.soapui.model.iface.Submit$Status<FINISHED> but was: com.eviware.soapui.model.testsuite.TestRunner$Status<FINISHED>
at org.junit.Assert.fail(Assert.java:88)
at org.junit.Assert.failNotEquals(Assert.java:834)
at org.junit.Assert.assertEquals(Assert.java:118)
at org.junit.Assert.assertEquals(Assert.java:144)
at Soap.testRunner2.singleTest(testRunner2.java:31)
at java.base/java.util.ArrayList.forEach(ArrayList.java:1511)
... Removed 27 stack frames]]>
    </failure>
  </testcase> <!-- singleTest -->
  <testcase classname="Rest.restRunner2" name="RestTest2" time="0.847">
    <failure type="java.lang.AssertionError" message="expected:&amp;lt;FINISHED&amp;gt; but was:&amp;lt;FAILED&amp;gt;">
      <![CDATA[java.lang.AssertionError: expected:<FINISHED> but was:<FAILED>
at org.junit.Assert.fail(Assert.java:88)
at org.junit.Assert.failNotEquals(Assert.java:834)
at org.junit.Assert.assertEquals(Assert.java:118)
at org.junit.Assert.assertEquals(Assert.java:144)
at Rest.restRunner2.RestTest2(restRunner2.java:39)
at java.base/java.util.ArrayList.forEach(ArrayList.java:1511)
... Removed 27 stack frames]]>
    </failure>
  </testcase> <!-- RestTest2 -->
  <testcase classname="Rest.restRunner" name="RestTest1" time="0.354">
    <failure type="java.lang.AssertionError" message="expected:&amp;lt;FINISHED&amp;gt; but was:&amp;lt;FAILED&amp;gt;">
      <![CDATA[java.lang.AssertionError: expected:<FINISHED> but was:<FAILED>
at org.junit.Assert.fail(Assert.java:88)
at org.junit.Assert.failNotEquals(Assert.java:834)
at org.junit.Assert.assertEquals(Assert.java:118)
at org.junit.Assert.assertEquals(Assert.java:144)
at Rest.restRunner.RestTest1(restRunner.java:38)
at java.base/java.util.ArrayList.forEach(ArrayList.java:1511)
... Removed 27 stack frames]]>
    </failure>
  </testcase> <!-- RestTest1 -->
</testsuite> <!-- Test -->
